<?xml version="1.0" encoding="UTF-8"?>
<testng-results skipped="0" failed="1" total="2" passed="1">
  <reporter-output>
  </reporter-output>
  <suite name="Default suite" duration-ms="25986" started-at="2019-09-09T07:30:28Z" finished-at="2019-09-09T07:30:54Z">
    <groups>
    </groups>
    <test name="Default test" duration-ms="25986" started-at="2019-09-09T07:30:28Z" finished-at="2019-09-09T07:30:54Z">
      <class name="mavenDemoTest.MavenDemoTest.mevenLoginTest">
        <test-method status="PASS" signature="launchbrowser()[pri:0, instance:mavenDemoTest.MavenDemoTest.mevenLoginTest@20e2cbe0]" name="launchbrowser" is-config="true" duration-ms="7552" started-at="2019-09-09T13:00:28Z" finished-at="2019-09-09T13:00:35Z">
          <reporter-output>
          </reporter-output>
        </test-method> <!-- launchbrowser -->
        <test-method status="PASS" signature="BLRLlogin()[pri:0, instance:mavenDemoTest.MavenDemoTest.mevenLoginTest@20e2cbe0]" name="BLRLlogin" duration-ms="3339" started-at="2019-09-09T13:00:35Z" finished-at="2019-09-09T13:00:39Z">
          <reporter-output>
          </reporter-output>
        </test-method> <!-- BLRLlogin -->
        <test-method status="PASS" signature="close()[pri:0, instance:mavenDemoTest.MavenDemoTest.mevenLoginTest@20e2cbe0]" name="close" is-config="true" duration-ms="2275" started-at="2019-09-09T13:00:39Z" finished-at="2019-09-09T13:00:41Z">
          <reporter-output>
          </reporter-output>
        </test-method> <!-- close -->
        <test-method status="PASS" signature="launchbrowser()[pri:0, instance:mavenDemoTest.MavenDemoTest.mevenLoginTest@20e2cbe0]" name="launchbrowser" is-config="true" duration-ms="9471" started-at="2019-09-09T13:00:41Z" finished-at="2019-09-09T13:00:50Z">
          <reporter-output>
          </reporter-output>
        </test-method> <!-- launchbrowser -->
        <test-method status="FAIL" signature="JMLogin()[pri:0, instance:mavenDemoTest.MavenDemoTest.mevenLoginTest@20e2cbe0]" name="JMLogin" duration-ms="3180" started-at="2019-09-09T13:00:50Z" finished-at="2019-09-09T13:00:54Z">
          <exception class="java.lang.AssertionError">
            <message>
              <![CDATA[expected [https://mistcloud.efleetsystems.com/dashboard.] but found [https://mistcloud.efleetsystems.com/dashboard]]]>
            </message>
            <full-stacktrace>
              <![CDATA[java.lang.AssertionError: expected [https://mistcloud.efleetsystems.com/dashboard.] but found [https://mistcloud.efleetsystems.com/dashboard]
	at org.testng.Assert.fail(Assert.java:94)
	at org.testng.Assert.failNotEquals(Assert.java:494)
	at org.testng.Assert.assertEquals(Assert.java:123)
	at org.testng.Assert.assertEquals(Assert.java:176)
	at org.testng.Assert.assertEquals(Assert.java:186)
	at mavenDemoTest.MavenDemoTest.mevenLoginTest.JMLogin(mevenLoginTest.java:75)
	at sun.reflect.NativeMethodAccessorImpl.invoke0(Native Method)
	at sun.reflect.NativeMethodAccessorImpl.invoke(Unknown Source)
	at sun.reflect.DelegatingMethodAccessorImpl.invoke(Unknown Source)
	at java.lang.reflect.Method.invoke(Unknown Source)
	at org.testng.internal.MethodInvocationHelper.invokeMethod(MethodInvocationHelper.java:80)
	at org.testng.internal.Invoker.invokeMethod(Invoker.java:714)
	at org.testng.internal.Invoker.invokeTestMethod(Invoker.java:901)
	at org.testng.internal.Invoker.invokeTestMethods(Invoker.java:1231)
	at org.testng.internal.TestMethodWorker.invokeTestMethods(TestMethodWorker.java:127)
	at org.testng.internal.TestMethodWorker.run(TestMethodWorker.java:111)
	at org.testng.TestRunner.privateRun(TestRunner.java:767)
	at org.testng.TestRunner.run(TestRunner.java:617)
	at org.testng.SuiteRunner.runTest(SuiteRunner.java:334)
	at org.testng.SuiteRunner.runSequentially(SuiteRunner.java:329)
	at org.testng.SuiteRunner.privateRun(SuiteRunner.java:291)
	at org.testng.SuiteRunner.run(SuiteRunner.java:240)
	at org.testng.SuiteRunnerWorker.runSuite(SuiteRunnerWorker.java:52)
	at org.testng.SuiteRunnerWorker.run(SuiteRunnerWorker.java:86)
	at org.testng.TestNG.runSuitesSequentially(TestNG.java:1198)
	at org.testng.TestNG.runSuitesLocally(TestNG.java:1123)
	at org.testng.TestNG.run(TestNG.java:1031)
	at org.testng.remote.AbstractRemoteTestNG.run(AbstractRemoteTestNG.java:114)
	at org.testng.remote.RemoteTestNG.initAndRun(RemoteTestNG.java:251)
	at org.testng.remote.RemoteTestNG.main(RemoteTestNG.java:77)
]]>
            </full-stacktrace>
          </exception> <!-- java.lang.AssertionError -->
          <reporter-output>
          </reporter-output>
        </test-method> <!-- JMLogin -->
        <test-method status="PASS" signature="close()[pri:0, instance:mavenDemoTest.MavenDemoTest.mevenLoginTest@20e2cbe0]" name="close" is-config="true" duration-ms="156" started-at="2019-09-09T13:00:54Z" finished-at="2019-09-09T13:00:54Z">
          <reporter-output>
          </reporter-output>
        </test-method> <!-- close -->
      </class> <!-- mavenDemoTest.MavenDemoTest.mevenLoginTest -->
    </test> <!-- Default test -->
  </suite> <!-- Default suite -->
</testng-results>
